<?xml version="1.0" encoding="UTF-8"?>
<testsuite xmlns:xsi="http://www.w3.org/2001/XMLSchema-instance" xsi:noNamespaceSchemaLocation="https://maven.apache.org/surefire/maven-surefire-plugin/xsd/surefire-test-report.xsd" version="3.0.2" name="mc.jazhdo.website.WebsiteApplicationTests" time="1.795" tests="1" errors="0" skipped="0" failures="0" flakes="0">
  <properties>
[...]
</properties>
  <testcase name="contextLoads" classname="mc.jazhdo.website.WebsiteApplicationTests" time="0.257">
    <system-out><![CDATA[19:22:19.539 [main] INFO org.springframework.test.context.support.AnnotationConfigContextLoaderUtils -- Could not detect default configuration classes for test class [mc.jazhdo.website.WebsiteApplicationTests]: WebsiteApplicationTests does not declare any static, non-private, non-final, nested classes annotated with @Configuration.
19:22:19.585 [main] INFO org.springframework.boot.test.context.SpringBootTestContextBootstrapper -- Found @SpringBootConfiguration mc.jazhdo.website.WebsiteApplication for test class mc.jazhdo.website.WebsiteApplicationTests
19:22:19.620 [main] INFO org.springframework.test.context.support.AnnotationConfigContextLoaderUtils -- Could not detect default configuration classes for test class [mc.jazhdo.website.WebsiteApplicationTests]: WebsiteApplicationTests does not declare any static, non-private, non-final, nested classes annotated with @Configuration.
19:22:19.621 [main] INFO org.springframework.boot.test.context.SpringBootTestContextBootstrapper -- Found @SpringBootConfiguration mc.jazhdo.website.WebsiteApplication for test class mc.jazhdo.website.WebsiteApplicationTests
19:22:19.652 [main] INFO org.springframework.boot.devtools.restart.RestartApplicationListener -- Restart disabled due to context in which it is running

  .   ____          _            __ _ _
 /\\ / ___'_ __ _ _(_)_ __  __ _ \ \ \ \
( ( )\___ | '_ | '_| | '_ \/ _` | \ \ \ \
 \\/  ___)| |_)| | | | | || (_| |  ) ) ) )
  '  |____| .__|_| |_|_| |_\__, | / / / /
 =========|_|==============|___/=/_/_/_/

 :: Spring Boot ::                (v4.1.0)

2026-06-30T19:22:19.748-07:00  INFO 59980 --- [website] [           main] m.j.website.WebsiteApplicationTests      : Starting WebsiteApplicationTests using Java 26.0.1 with PID 59980 (started by jayson in /Volumes/JAZHDO CODE/website)
2026-06-30T19:22:19.748-07:00  INFO 59980 --- [website] [           main] m.j.website.WebsiteApplicationTests      : No active profile set, falling back to 1 default profile: "default"
2026-06-30T19:22:19.978-07:00  INFO 59980 --- [website] [           main] .s.d.r.c.RepositoryConfigurationDelegate : Bootstrapping Spring Data JPA repositories in DEFAULT mode.
2026-06-30T19:22:19.987-07:00  INFO 59980 --- [website] [           main] .s.d.r.c.RepositoryConfigurationDelegate : Finished Spring Data repository scanning in 6 ms. Found 0 JPA repository interfaces.
2026-06-30T19:22:20.166-07:00  INFO 59980 --- [website] [           main] com.zaxxer.hikari.HikariDataSource       : HikariPool-1 - Starting...
2026-06-30T19:22:20.297-07:00  INFO 59980 --- [website] [           main] com.zaxxer.hikari.pool.HikariPool        : HikariPool-1 - Added connection com.mysql.cj.jdbc.ConnectionImpl@507049f2
2026-06-30T19:22:20.298-07:00  INFO 59980 --- [website] [           main] com.zaxxer.hikari.HikariDataSource       : HikariPool-1 - Start completed.
2026-06-30T19:22:20.309-07:00  INFO 59980 --- [website] [           main] org.flywaydb.core.FlywayExecutor         : Database: jdbc:mysql://localhost:3306/website (MySQL 9.7)
2026-06-30T19:22:20.323-07:00  WARN 59980 --- [website] [           main] o.f.c.internal.database.base.Database    : Using MySQL 9.7 which is newer than the version Flyway has been verified with. The latest verified version of MySQL is 9.4.
2026-06-30T19:22:20.339-07:00  INFO 59980 --- [website] [           main] o.f.core.internal.command.DbValidate     : Successfully validated 0 migrations (execution time 00:00.008s)
2026-06-30T19:22:20.339-07:00  WARN 59980 --- [website] [           main] o.f.core.internal.command.DbValidate     : No migrations found. Are your locations set up correctly?
2026-06-30T19:22:20.347-07:00  INFO 59980 --- [website] [           main] o.f.core.internal.command.DbMigrate      : Current version of schema `website`: << Empty Schema >>
2026-06-30T19:22:20.348-07:00  INFO 59980 --- [website] [           main] o.f.core.internal.command.DbMigrate      : Schema `website` is up to date. No migration necessary.
2026-06-30T19:22:20.400-07:00  INFO 59980 --- [website] [           main] org.hibernate.orm.jpa                    : HHH008540: Processing PersistenceUnitInfo [name: default]
2026-06-30T19:22:20.429-07:00  INFO 59980 --- [website] [           main] org.hibernate.orm.core                   : HHH000001: Hibernate ORM core version 7.4.1.Final
2026-06-30T19:22:20.591-07:00  INFO 59980 --- [website] [           main] o.s.o.j.p.SpringPersistenceUnitInfo      : No LoadTimeWeaver setup: ignoring JPA class transformer
2026-06-30T19:22:20.620-07:00  WARN 59980 --- [website] [           main] org.hibernate.orm.deprecation            : HHH90000025: MySQLDialect does not need to be specified explicitly using 'hibernate.dialect' (remove the property setting and it will be selected by default)
2026-06-30T19:22:20.625-07:00  INFO 59980 --- [website] [           main] org.hibernate.orm.connections.pooling    : HHH10001005: Database info:
	Database JDBC URL [jdbc:mysql://localhost:3306/website]
	Database driver: MySQL Connector/J
	Database dialect: MySQLDialect
	Database version: 9.7.1
	Default catalog/schema: website/undefined
	Autocommit mode: undefined/unknown
	Isolation level: REPEATABLE_READ [default REPEATABLE_READ]
	JDBC fetch size: none
	Pool: DataSourceConnectionProvider
	Minimum pool size: undefined/unknown
	Maximum pool size: undefined/unknown
2026-06-30T19:22:20.775-07:00  INFO 59980 --- [website] [           main] org.hibernate.orm.core                   : HHH000489: No JTA platform available (set 'hibernate.transaction.jta.platform' to enable JTA platform integration)
2026-06-30T19:22:20.799-07:00  INFO 59980 --- [website] [           main] j.LocalContainerEntityManagerFactoryBean : Initialized JPA EntityManagerFactory for persistence unit 'default'
2026-06-30T19:22:20.837-07:00  WARN 59980 --- [website] [           main] JpaBaseConfiguration$JpaWebConfiguration : spring.jpa.open-in-view is enabled by default. Therefore, database queries may be performed during view rendering. Explicitly configure spring.jpa.open-in-view to disable this warning
2026-06-30T19:22:20.997-07:00  INFO 59980 --- [website] [           main] m.j.website.WebsiteApplicationTests      : Started WebsiteApplicationTests in 1.349 seconds (process running for 1.912)
]]></system-out>
    <system-err><![CDATA[Mockito is currently self-attaching to enable the inline-mock-maker. This will no longer work in future releases of the JDK. Please add Mockito as an agent to your build as described in Mockito's documentation: https://javadoc.io/doc/org.mockito/mockito-core/latest/org.mockito/org/mockito/Mockito.html#0.3
WARNING: A Java agent has been loaded dynamically (/Users/jayson/.m2/repository/net/bytebuddy/byte-buddy-agent/1.18.10/byte-buddy-agent-1.18.10.jar)
WARNING: If a serviceability tool is in use, please run with -XX:+EnableDynamicAgentLoading to hide this warning
WARNING: If a serviceability tool is not in use, please run with -Djdk.instrument.traceUsage for more information
WARNING: Dynamic loading of agents will be disallowed by default in a future release
]]></system-err>
  </testcase>
</testsuite>